[INFO] Scanning for projects...
[INFO] 
[INFO] --------------------< cs.msu.edu:CSCI_440_Project >---------------------
[INFO] Building CSCI_440_Project 1.0-SNAPSHOT
[INFO] --------------------------------[ jar ]---------------------------------
[INFO] 
[INFO] --- maven-resources-plugin:2.6:resources (default-resources) @ CSCI_440_Project ---
[WARNING] Using platform encoding (UTF-8 actually) to copy filtered resources, i.e. build is platform dependent!
[INFO] Copying 33 resources
[INFO] 
[INFO] --- maven-compiler-plugin:3.1:compile (default-compile) @ CSCI_440_Project ---
[INFO] Nothing to compile - all classes are up to date
[INFO] 
[INFO] --- maven-resources-plugin:2.6:testResources (default-testResources) @ CSCI_440_Project ---
[WARNING] Using platform encoding (UTF-8 actually) to copy filtered resources, i.e. build is platform dependent!
[INFO] Copying 3 resources
[INFO] 
[INFO] --- maven-compiler-plugin:3.1:testCompile (default-testCompile) @ CSCI_440_Project ---
[INFO] Nothing to compile - all classes are up to date
[INFO] 
[INFO] --- maven-surefire-plugin:2.22.1:test (default-test) @ CSCI_440_Project ---
[INFO] 
[INFO] -------------------------------------------------------
[INFO]  T E S T S
[INFO] -------------------------------------------------------
[INFO] Running edu.montana.csci.csci440.model.InvoicesTest
2009-01-01
Resetting DB After Test...
2009-01-01
2009-01-02
2009-01-03
2009-01-06
2009-01-11
2009-01-19
2009-02-01
2009-02-01
2009-02-02
2009-02-03
2009-02-06
2009-02-11
2009-02-19
2009-03-04
2009-03-04
2009-03-05
2009-03-06
2009-03-09
2009-03-14
2009-03-22
2009-04-04
2009-04-04
2009-04-05
2009-04-06
2009-04-09
2009-04-14
2009-04-22
2009-05-05
2009-05-05
2009-05-06
2009-05-07
2009-05-10
2009-05-15
2009-05-23
2009-06-05
2009-06-05
2009-06-06
2009-06-07
2009-06-10
2009-06-15
2009-06-23
2009-07-06
2009-07-06
2009-07-07
2009-07-08
2009-07-11
2009-07-16
2009-07-24
2009-08-06
2009-08-06
2009-08-07
2009-08-08
2009-08-11
2009-08-16
2009-08-24
2009-09-06
2009-09-06
2009-09-07
2009-09-08
2009-09-11
2009-09-16
2009-09-24
2009-10-07
2009-10-07
2009-10-08
2009-10-09
2009-10-12
2009-10-17
2009-10-25
2009-11-07
2009-11-07
2009-11-08
2009-11-09
2009-11-12
2009-11-17
2009-11-25
2009-12-08
2009-12-08
2009-12-09
2009-12-10
2009-12-13
2009-12-18
2009-12-26
2010-01-08
2010-01-08
2010-01-09
2010-01-10
2010-01-13
2010-01-18
2010-01-26
2010-02-08
2010-02-08
2010-02-09
2010-02-10
2010-02-13
2010-02-18
2010-02-26
2010-03-11
2010-03-11
2010-03-12
2010-03-13
2010-03-16
2010-03-21
2010-03-29
2010-04-11
2010-04-11
2010-04-12
2010-04-13
2010-04-16
2010-04-21
2010-04-29
2010-05-12
2010-05-12
2010-05-13
2010-05-14
2010-05-17
2010-05-22
2010-05-30
2010-06-12
2010-06-12
2010-06-13
2010-06-14
2010-06-17
2010-06-22
2010-06-30
2010-07-13
2010-07-13
2010-07-14
2010-07-15
2010-07-18
2010-07-23
2010-07-31
2010-08-13
2010-08-13
2010-08-14
2010-08-15
2010-08-18
2010-08-23
2010-08-31
2010-09-13
2010-09-13
2010-09-14
2010-09-15
2010-09-18
2010-09-23
2010-10-01
2010-10-14
2010-10-14
2010-10-15
2010-10-16
2010-10-19
2010-10-24
2010-11-01
2010-11-14
2010-11-14
2010-11-15
2010-11-16
2010-11-19
2010-11-24
2010-12-02
2010-12-15
2010-12-15
2010-12-16
2010-12-17
2010-12-20
2010-12-25
2011-01-02
2011-01-15
2011-01-15
2011-01-16
2011-01-17
2011-01-20
2011-01-25
2011-02-02
2011-02-15
2011-02-15
2011-02-16
2011-02-17
2011-02-20
2011-02-25
2011-03-05
2011-03-18
2011-03-18
2011-03-19
2011-03-20
2011-03-23
2011-03-28
2011-04-05
2011-04-18
2011-04-18
2011-04-19
2011-04-20
2011-04-23
2011-04-28
2011-05-06
2011-05-19
2011-05-19
2011-05-20
2011-05-21
2011-05-24
2011-05-29
2011-06-06
2011-06-19
2011-06-19
2011-06-20
2011-06-21
2011-06-24
2011-06-29
2011-07-07
2011-07-20
2011-07-20
2011-07-21
2011-07-22
2011-07-25
2011-07-30
2011-08-07
2011-08-20
2011-08-20
2011-08-21
2011-08-22
2011-08-25
2011-08-30
2011-09-07
2011-09-20
2011-09-20
2011-09-21
2011-09-22
2011-09-25
2011-09-30
2011-10-08
2011-10-21
2011-10-21
2011-10-22
2011-10-23
2011-10-26
2011-10-31
2011-11-08
2011-11-21
2011-11-21
2011-11-22
2011-11-23
2011-11-26
2011-12-01
2011-12-09
2011-12-22
2011-12-22
2011-12-23
2011-12-24
2011-12-27
2012-01-01
2012-01-09
2012-01-22
2012-01-22
2012-01-23
2012-01-24
2012-01-27
2012-02-01
2012-02-09
2012-02-22
2012-02-22
2012-02-23
2012-02-24
2012-02-27
2012-03-03
2012-03-11
2012-03-24
2012-03-24
2012-03-25
2012-03-26
2012-03-29
2012-04-03
2012-04-11
2012-04-24
2012-04-24
2012-04-25
2012-04-26
2012-04-29
2012-05-04
2012-05-12
2012-05-25
2012-05-25
2012-05-26
2012-05-27
2012-05-30
2012-06-04
2012-06-12
2012-06-25
2012-06-25
2012-06-26
2012-06-27
2012-06-30
2012-07-05
2012-07-13
2012-07-26
2012-07-26
2012-07-27
2012-07-28
2012-07-31
2012-08-05
2012-08-13
2012-08-26
2012-08-26
2012-08-27
2012-08-28
2012-08-31
2012-09-05
2012-09-13
2012-09-26
2012-09-26
2012-09-27
2012-09-28
2012-10-01
2012-10-06
2012-10-14
2012-10-27
2012-10-27
2012-10-28
2012-10-29
2012-11-01
2012-11-06
2012-11-14
2012-11-27
2012-11-27
2012-11-28
2012-11-29
2012-12-02
2012-12-07
2012-12-15
2012-12-28
2012-12-28
2012-12-29
2012-12-30
2013-01-02
2013-01-07
2013-01-15
2013-01-28
2013-01-28
2013-01-29
2013-01-30
2013-02-02
2013-02-07
2013-02-15
2013-02-28
2013-02-28
2013-03-01
2013-03-02
2013-03-05
2013-03-10
2013-03-18
2013-03-31
2013-03-31
2013-04-01
2013-04-02
2013-04-05
2013-04-10
2013-04-18
2013-05-01
2013-05-01
2013-05-02
2013-05-03
2013-05-06
2013-05-11
2013-05-19
2013-06-01
2013-06-01
2013-06-02
2013-06-03
2013-06-06
2013-06-11
2013-06-19
2013-07-02
2013-07-02
2013-07-03
2013-07-04
2013-07-07
2013-07-12
2013-07-20
2013-08-02
2013-08-02
2013-08-03
2013-08-04
2013-08-07
2013-08-12
2013-08-20
2013-09-02
2013-09-02
2013-09-03
2013-09-04
2013-09-07
2013-09-12
2013-09-20
2013-10-03
2013-10-03
2013-10-04
2013-10-05
2013-10-08
2013-10-13
2013-10-21
2013-11-03
2013-11-03
2013-11-04
2013-11-05
2013-11-08
2013-11-13
2013-11-21
2013-12-04
2013-12-04
2013-12-05
2013-12-06
2013-12-09
2013-12-14
2013-12-22
Resetting DB After Test...
2009-01-01
2009-01-02
2009-01-03
2009-01-06
2009-01-11
2009-01-01
2009-01-02
2009-01-03
2009-01-06
2009-01-11
2009-01-19
2009-02-01
2009-02-01
2009-02-02
2009-02-03
2009-02-06
2009-02-11
2009-02-19
2009-03-04
2009-03-04
2009-03-05
2009-03-06
2009-03-09
2009-03-14
2009-03-22
2009-04-04
2009-04-04
2009-04-05
2009-04-06
2009-04-09
2009-04-14
2009-04-22
2009-05-05
2009-05-05
2009-05-06
2009-05-07
2009-05-10
2009-05-15
2009-05-23
2009-06-05
2009-06-05
2009-06-06
2009-06-07
2009-06-10
2009-06-15
2009-06-23
2009-07-06
2009-07-06
2009-07-07
2009-07-08
2009-07-11
2009-07-16
2009-07-24
2009-08-06
2009-08-06
2009-08-07
2009-08-08
2009-08-11
2009-08-16
2009-08-24
2009-09-06
2009-09-06
2009-09-07
2009-09-08
2009-09-11
2009-09-16
2009-09-24
2009-10-07
2009-10-07
2009-10-08
2009-10-09
2009-10-12
2009-10-17
2009-10-25
2009-11-07
2009-11-07
2009-11-08
2009-11-09
2009-11-12
2009-11-17
2009-11-25
2009-12-08
2009-12-08
2009-12-09
2009-12-10
2009-12-13
2009-12-18
2009-12-26
2010-01-08
2010-01-08
2010-01-09
2010-01-10
2010-01-13
2010-01-18
2010-01-26
2010-02-08
2010-02-08
2010-02-09
2010-02-10
2010-02-13
2010-02-18
2010-02-26
2010-03-11
2010-03-11
2010-03-12
2010-03-13
2010-03-16
2010-03-21
2010-03-29
2010-04-11
2010-04-11
2010-04-12
2010-04-13
2010-04-16
2010-04-21
2010-04-29
2010-05-12
2010-05-12
2010-05-13
2010-05-14
2010-05-17
2010-05-22
2010-05-30
2010-06-12
2010-06-12
2010-06-13
2010-06-14
2010-06-17
2010-06-22
2010-06-30
2010-07-13
2010-07-13
2010-07-14
2010-07-15
2010-07-18
2010-07-23
2010-07-31
2010-08-13
2010-08-13
2010-08-14
2010-08-15
2010-08-18
2010-08-23
2010-08-31
2010-09-13
2010-09-13
2010-09-14
2010-09-15
2010-09-18
2010-09-23
2010-10-01
2010-10-14
2010-10-14
2010-10-15
2010-10-16
2010-10-19
2010-10-24
2010-11-01
2010-11-14
2010-11-14
2010-11-15
2010-11-16
2010-11-19
2010-11-24
2010-12-02
2010-12-15
2010-12-15
2010-12-16
2010-12-17
2010-12-20
2010-12-25
2011-01-02
2011-01-15
2011-01-15
2011-01-16
2011-01-17
2011-01-20
2011-01-25
2011-02-02
2011-02-15
2011-02-15
2011-02-16
2011-02-17
2011-02-20
2011-02-25
2011-03-05
2011-03-18
2011-03-18
2011-03-19
2011-03-20
2011-03-23
2011-03-28
2011-04-05
2011-04-18
2011-04-18
2011-04-19
2011-04-20
2011-04-23
2011-04-28
2011-05-06
2011-05-19
2011-05-19
2011-05-20
2011-05-21
2011-05-24
2011-05-29
2011-06-06
2011-06-19
2011-06-19
2011-06-20
2011-06-21
2011-06-24
2011-06-29
2011-07-07
2011-07-20
2011-07-20
2011-07-21
2011-07-22
2011-07-25
2011-07-30
2011-08-07
2011-08-20
2011-08-20
2011-08-21
2011-08-22
2011-08-25
2011-08-30
2011-09-07
2011-09-20
2011-09-20
2011-09-21
2011-09-22
2011-09-25
2011-09-30
2011-10-08
2011-10-21
2011-10-21
2011-10-22
2011-10-23
2011-10-26
2011-10-31
2011-11-08
2011-11-21
2011-11-21
2011-11-22
2011-11-23
2011-11-26
2011-12-01
2011-12-09
2011-12-22
2011-12-22
2011-12-23
2011-12-24
2011-12-27
2012-01-01
2012-01-09
2012-01-22
2012-01-22
2012-01-23
2012-01-24
2012-01-27
2012-02-01
2012-02-09
2012-02-22
2012-02-22
2012-02-23
2012-02-24
2012-02-27
2012-03-03
2012-03-11
2012-03-24
2012-03-24
2012-03-25
2012-03-26
2012-03-29
2012-04-03
2012-04-11
2012-04-24
2012-04-24
2012-04-25
2012-04-26
2012-04-29
2012-05-04
2012-05-12
2012-05-25
2012-05-25
2012-05-26
2012-05-27
2012-05-30
2012-06-04
2012-06-12
2012-06-25
2012-06-25
2012-06-26
2012-06-27
2012-06-30
2012-07-05
2012-07-13
2012-07-26
2012-07-26
2012-07-27
2012-07-28
2012-07-31
2012-08-05
2012-08-13
2012-08-26
2012-08-26
2012-08-27
2012-08-28
2012-08-31
2012-09-05
2012-09-13
2012-09-26
2012-09-26
2012-09-27
2012-09-28
2012-10-01
2012-10-06
2012-10-14
2012-10-27
2012-10-27
2012-10-28
2012-10-29
2012-11-01
2012-11-06
2012-11-14
2012-11-27
2012-11-27
2012-11-28
2012-11-29
2012-12-02
2012-12-07
2012-12-15
2012-12-28
2012-12-28
2012-12-29
2012-12-30
2013-01-02
2013-01-07
2013-01-15
2013-01-28
2013-01-28
2013-01-29
2013-01-30
2013-02-02
2013-02-07
2013-02-15
2013-02-28
2013-02-28
2013-03-01
2013-03-02
2013-03-05
2013-03-10
2013-03-18
2013-03-31
2013-03-31
2013-04-01
2013-04-02
2013-04-05
2013-04-10
2013-04-18
2013-05-01
2013-05-01
2013-05-02
2013-05-03
2013-05-06
2013-05-11
2013-05-19
2013-06-01
2013-06-01
2013-06-02
2013-06-03
2013-06-06
2013-06-11
2013-06-19
2013-07-02
2013-07-02
2013-07-03
2013-07-04
2013-07-07
2013-07-12
2013-07-20
2013-08-02
2013-08-02
2013-08-03
2013-08-04
2013-08-07
2013-08-12
2013-08-20
2013-09-02
2013-09-02
2013-09-03
2013-09-04
2013-09-07
2013-09-12
2013-09-20
2013-10-03
2013-10-03
2013-10-04
2013-10-05
2013-10-08
2013-10-13
2013-10-21
2013-11-03
2013-11-03
2013-11-04
2013-11-05
2013-11-08
2013-11-13
2013-11-21
2013-12-04
2013-12-04
2013-12-05
2013-12-06
2013-12-09
2013-12-14
2013-12-22
Resetting DB After Test...
[INFO] Tests run: 3, Failures: 0, Errors: 0, Skipped: 0, Time elapsed: 0.315 s - in edu.montana.csci.csci440.model.InvoicesTest
[INFO] Running edu.montana.csci.csci440.model.TrackTest
Resetting DB After Test...
Resetting DB After Test...
Resetting DB After Test...
Resetting DB After Test...
Resetting DB After Test...
Resetting DB After Test...
Resetting DB After Test...
Resetting DB After Test...
Resetting DB After Test...
Resetting DB After Test...
Resetting DB After Test...
Resetting DB After Test...
[ERROR] Tests run: 12, Failures: 1, Errors: 0, Skipped: 0, Time elapsed: 0.072 s <<< FAILURE! - in edu.montana.csci.csci440.model.TrackTest
[ERROR] advancedSearchTest  Time elapsed: 0.01 s  <<< FAILURE!
org.opentest4j.AssertionFailedError: expected: <3> but was: <4>
	at edu.montana.csci.csci440.model.TrackTest.advancedSearchTest(TrackTest.java:145)

[INFO] Running edu.montana.csci.csci440.model.PlaylistsTest
Resetting DB After Test...
Resetting DB After Test...
Resetting DB After Test...
[INFO] Tests run: 3, Failures: 0, Errors: 0, Skipped: 0, Time elapsed: 0.008 s - in edu.montana.csci.csci440.model.PlaylistsTest
[INFO] Running edu.montana.csci.csci440.model.AlbumTest
Resetting DB After Test...
Resetting DB After Test...
Resetting DB After Test...
Resetting DB After Test...
Resetting DB After Test...
[INFO] Tests run: 5, Failures: 0, Errors: 0, Skipped: 0, Time elapsed: 0.028 s - in edu.montana.csci.csci440.model.AlbumTest
[INFO] Running edu.montana.csci.csci440.model.EmployeeTest
Resetting DB After Test...
Resetting DB After Test...
Resetting DB After Test...
Resetting DB After Test...
Resetting DB After Test...
Resetting DB After Test...
Resetting DB After Test...
[INFO] Tests run: 7, Failures: 0, Errors: 0, Skipped: 0, Time elapsed: 0.02 s - in edu.montana.csci.csci440.model.EmployeeTest
[INFO] Running edu.montana.csci.csci440.model.ArtistTest
Resetting DB After Test...
Resetting DB After Test...
Resetting DB After Test...
Resetting DB After Test...
Resetting DB After Test...
Resetting DB After Test...
[INFO] Tests run: 6, Failures: 0, Errors: 0, Skipped: 0, Time elapsed: 0.015 s - in edu.montana.csci.csci440.model.ArtistTest
[INFO] Running edu.montana.csci.csci440.model.CustomerTest
Resetting DB After Test...
Resetting DB After Test...
Resetting DB After Test...
[INFO] Tests run: 3, Failures: 0, Errors: 0, Skipped: 0, Time elapsed: 0.009 s - in edu.montana.csci.csci440.model.CustomerTest
[INFO] 
[INFO] Results:
[INFO] 
[ERROR] Failures: 
[ERROR]   TrackTest.advancedSearchTest:145 expected: <3> but was: <4>
[INFO] 
[ERROR] Tests run: 39, Failures: 1, Errors: 0, Skipped: 0
[INFO] 
[INFO] ------------------------------------------------------------------------
[INFO] BUILD FAILURE
[INFO] ------------------------------------------------------------------------
[INFO] Total time:  1.532 s
[INFO] Finished at: 2022-12-09T13:48:42-07:00
[INFO] ------------------------------------------------------------------------
[ERROR] Failed to execute goal org.apache.maven.plugins:maven-surefire-plugin:2.22.1:test (default-test) on project CSCI_440_Project: There are test failures.
[ERROR] 
[ERROR] Please refer to /Users/carson/Projects/msu/demo/csci-440-fall2022-private/grading/scripts/repos/austin_coop/target/surefire-reports for the individual test results.
[ERROR] Please refer to dump files (if any exist) [date].dump, [date]-jvmRun[N].dump and [date].dumpstream.
[ERROR] -> [Help 1]
[ERROR] 
[ERROR] To see the full stack trace of the errors, re-run Maven with the -e switch.
[ERROR] Re-run Maven using the -X switch to enable full debug logging.
[ERROR] 
[ERROR] For more information about the errors and possible solutions, please read the following articles:
[ERROR] [Help 1] http://cwiki.apache.org/confluence/display/MAVEN/MojoFailureException
